✓ PID lock 생성 완료 (PID: 466104)

================================================================================
========================================
                                        키움 조건식 → VWAP 필터링 → 자동매매 
통합 시스템 (L0-L6)                                         
================================================================================
========================================

사용 조건식 인덱스: [17, 18, 19, 20, 21, 22]

[초기화] API 클라이언트 생성
  ✓ 완료

[초기화] AccessToken 발급
[DEBUG] API 응답: {'expires_dt': '20251212053629', 'return_msg': '정상적으로 처리되었습니다', 'token_type': 'Bearer', 'return_code': 0, 'token': 'QBvP8RHyws3uDfUxqwawnS5r2eTi3Lj8pDAJ16nF3Z6HIOQL6OfmJRMGEhZrcJuesQsAoOyxk5468roSZ4q3Rg'}
✓ 접근 토큰 발급 성공
  - 만료일시: 20251212053629
  - 남은시간: 86399초 (24.0시간)
[DEBUG] 저장된 토큰: QBvP8RHyws3uDfUxqwawnS5r2eTi3L...
  ✓ 완료

[초기화] 통합 시스템 생성 (조건식 6개)
✓ EODManager 초기화 완료 (익일 보유 관리)
✓ SignalOrchestrator 초기화 완료 (L0-L6 파이프라인)
✓ 데이터베이스 초기화 완료 (PostgreSQL)
  ✓ 완료


================================================================================
========================================
                                                🚀 자동매매 시스템 시작 
(스케줄링 모드)                                                 
================================================================================
========================================

매일 08:50 필터링 → 09:00 모니터링 시작
Ctrl+C를 눌러 종료할 수 있습니다.


================================================================================
========================================
                                                    📅 일일 자동매매 루틴 시작  
================================================================================
========================================

