[2025-12-26 15:02:08] 거래 내역 불일치: 1건 누락

[2025-12-26 15:07:07] 거래 내역 불일치: 1건 누락

[2025-12-26 15:12:08] 거래 내역 불일치: 1건 누락

[2025-12-26 15:17:08] 거래 내역 불일치: 1건 누락

[2025-12-26 15:22:09] 거래 내역 불일치: 1건 누락

[2025-12-26 15:27:09] 거래 내역 불일치: 1건 누락

[2025-12-30 11:08:48] 거래 내역 불일치: 1건 누락

[2025-12-30 11:13:48] 거래 내역 불일치: 1건 누락

[2025-12-30 11:18:50] 거래 내역 불일치: 1건 누락

[2025-12-30 11:23:55] 거래 내역 불일치: 1건 누락

[2025-12-30 11:28:56] 거래 내역 불일치: 1건 누락

[2025-12-30 11:33:59] 거래 내역 불일치: 1건 누락

[2025-12-30 11:39:00] 거래 내역 불일치: 1건 누락

[2025-12-30 11:43:56] 거래 내역 불일치: 1건 누락

[2025-12-30 11:49:00] 거래 내역 불일치: 1건 누락

[2025-12-30 11:54:00] 거래 내역 불일치: 1건 누락

[2025-12-30 11:59:01] 거래 내역 불일치: 1건 누락

[2025-12-30 12:03:56] 거래 내역 불일치: 1건 누락

[2025-12-30 12:09:04] 거래 내역 불일치: 1건 누락

[2025-12-30 12:13:58] 거래 내역 불일치: 1건 누락

[2025-12-30 12:19:03] 거래 내역 불일치: 1건 누락

[2025-12-30 12:24:02] 거래 내역 불일치: 1건 누락

[2025-12-30 12:29:01] 거래 내역 불일치: 1건 누락

[2025-12-30 12:34:03] 거래 내역 불일치: 1건 누락

[2025-12-30 12:39:00] 거래 내역 불일치: 1건 누락

[2025-12-30 12:44:05] 거래 내역 불일치: 1건 누락

[2025-12-30 12:49:04] 거래 내역 불일치: 1건 누락

[2025-12-30 12:54:04] 거래 내역 불일치: 1건 누락

[2025-12-30 12:59:05] 거래 내역 불일치: 1건 누락

[2025-12-30 13:04:05] 거래 내역 불일치: 1건 누락

[2025-12-30 13:09:06] 거래 내역 불일치: 1건 누락

[2025-12-30 13:14:10] 거래 내역 불일치: 1건 누락

[2025-12-30 13:19:08] 거래 내역 불일치: 1건 누락

[2025-12-30 13:24:16] 거래 내역 불일치: 1건 누락

[2025-12-30 13:29:09] 거래 내역 불일치: 1건 누락

[2025-12-30 13:34:09] 거래 내역 불일치: 1건 누락

[2025-12-30 13:39:10] 거래 내역 불일치: 1건 누락

[2025-12-30 13:44:13] 거래 내역 불일치: 1건 누락

[2025-12-30 13:49:11] 거래 내역 불일치: 1건 누락

[2025-12-30 13:54:12] 거래 내역 불일치: 1건 누락

[2025-12-30 13:59:15] 거래 내역 불일치: 1건 누락

[2025-12-30 14:04:09] 거래 내역 불일치: 1건 누락

[2025-12-30 14:09:14] 거래 내역 불일치: 1건 누락

[2025-12-30 14:14:16] 거래 내역 불일치: 1건 누락

[2025-12-30 14:19:14] 거래 내역 불일치: 1건 누락

[2025-12-30 14:24:13] 거래 내역 불일치: 1건 누락

[2025-12-30 14:29:16] 거래 내역 불일치: 1건 누락

[2025-12-30 14:34:15] 거래 내역 불일치: 1건 누락

[2025-12-30 14:39:19] 거래 내역 불일치: 1건 누락

[2025-12-30 14:44:18] 거래 내역 불일치: 1건 누락

[2025-12-30 14:49:23] 거래 내역 불일치: 1건 누락

[2025-12-30 14:54:23] 거래 내역 불일치: 1건 누락

[2025-12-30 14:59:23] 거래 내역 불일치: 1건 누락

[2025-12-30 15:04:24] 거래 내역 불일치: 1건 누락

[2025-12-30 15:09:26] 거래 내역 불일치: 1건 누락

[2025-12-30 15:14:28] 거래 내역 불일치: 1건 누락

[2025-12-30 15:19:28] 거래 내역 불일치: 1건 누락

[2025-12-30 15:24:29] 거래 내역 불일치: 1건 누락

[2025-12-30 15:29:30] 거래 내역 불일치: 1건 누락

[2026-01-02 10:47:38] 거래 내역 불일치: 3건 누락

[2026-01-02 10:57:42] 거래 내역 불일치: 3건 누락

[2026-01-02 11:02:41] 거래 내역 불일치: 3건 누락

[2026-01-02 11:07:41] 거래 내역 불일치: 3건 누락

[2026-01-02 11:17:44] 거래 내역 불일치: 4건 누락

[2026-01-02 11:22:45] 거래 내역 불일치: 4건 누락

[2026-01-02 11:27:40] 거래 내역 불일치: 4건 누락

[2026-01-02 11:32:45] 거래 내역 불일치: 4건 누락

[2026-01-02 11:37:46] 거래 내역 불일치: 5건 누락

[2026-01-02 11:47:00] 거래 내역 불일치: 5건 누락
  - 라온테크 BUY 5주 @ 14,600.0원
  - 그래피 BUY 3주 @ 27,000.0원
  - 그래피 SELL 3주 @ 25,950.0원
  - 라온테크 SELL 5주 @ 14,230.0원
  - 제주반도체 SELL 3주 @ 30,300.0원

[2026-01-02 11:52:02] 거래 내역 불일치: 5건 누락
  - 라온테크 BUY 5주 @ 14,600.0원
  - 그래피 BUY 3주 @ 27,000.0원
  - 그래피 SELL 3주 @ 25,950.0원
  - 라온테크 SELL 5주 @ 14,230.0원
  - 제주반도체 SELL 3주 @ 30,300.0원

[2026-01-02 11:57:02] 거래 내역 불일치: 5건 누락
  - 라온테크 BUY 5주 @ 14,600.0원
  - 그래피 BUY 3주 @ 27,000.0원
  - 그래피 SELL 3주 @ 25,950.0원
  - 라온테크 SELL 5주 @ 14,230.0원
  - 제주반도체 SELL 3주 @ 30,300.0원

[2026-01-02 12:02:03] 거래 내역 불일치: 5건 누락
  - 라온테크 BUY 5주 @ 14,600.0원
  - 그래피 BUY 3주 @ 27,000.0원
  - 그래피 SELL 3주 @ 25,950.0원
  - 라온테크 SELL 5주 @ 14,230.0원
  - 제주반도체 SELL 3주 @ 30,300.0원

[2026-01-02 12:07:04] 거래 내역 불일치: 5건 누락
  - 라온테크 BUY 5주 @ 14,600.0원
  - 그래피 BUY 3주 @ 27,000.0원
  - 그래피 SELL 3주 @ 25,950.0원
  - 라온테크 SELL 5주 @ 14,230.0원
  - 제주반도체 SELL 3주 @ 30,300.0원

[2026-01-02 12:12:16] 거래 내역 불일치: 5건 누락
  - 라온테크 BUY 5주 @ 14,600.0원
  - 그래피 BUY 3주 @ 27,000.0원
  - 그래피 SELL 3주 @ 25,950.0원
  - 라온테크 SELL 5주 @ 14,230.0원
  - 제주반도체 SELL 3주 @ 30,300.0원

[2026-01-02 12:17:04] 거래 내역 불일치: 5건 누락
  - 라온테크 BUY 5주 @ 14,600.0원
  - 그래피 BUY 3주 @ 27,000.0원
  - 그래피 SELL 3주 @ 25,950.0원
  - 라온테크 SELL 5주 @ 14,230.0원
  - 제주반도체 SELL 3주 @ 30,300.0원

[2026-01-02 12:22:06] 거래 내역 불일치: 5건 누락
  - 라온테크 BUY 5주 @ 14,600.0원
  - 그래피 BUY 3주 @ 27,000.0원
  - 그래피 SELL 3주 @ 25,950.0원
  - 라온테크 SELL 5주 @ 14,230.0원
  - 제주반도체 SELL 3주 @ 30,300.0원

[2026-01-02 12:27:00] 거래 내역 불일치: 5건 누락
  - 라온테크 BUY 5주 @ 14,600.0원
  - 그래피 BUY 3주 @ 27,000.0원
  - 그래피 SELL 3주 @ 25,950.0원
  - 라온테크 SELL 5주 @ 14,230.0원
  - 제주반도체 SELL 3주 @ 30,300.0원

[2026-01-02 12:32:07] 거래 내역 불일치: 5건 누락
  - 라온테크 BUY 5주 @ 14,600.0원
  - 그래피 BUY 3주 @ 27,000.0원
  - 그래피 SELL 3주 @ 25,950.0원
  - 라온테크 SELL 5주 @ 14,230.0원
  - 제주반도체 SELL 3주 @ 30,300.0원

[2026-01-02 12:37:03] 거래 내역 불일치: 5건 누락
  - 라온테크 BUY 5주 @ 14,600.0원
  - 그래피 BUY 3주 @ 27,000.0원
  - 그래피 SELL 3주 @ 25,950.0원
  - 라온테크 SELL 5주 @ 14,230.0원
  - 제주반도체 SELL 3주 @ 30,300.0원

[2026-01-02 12:42:17] 거래 내역 불일치: 5건 누락
  - 라온테크 BUY 5주 @ 14,600.0원
  - 그래피 BUY 3주 @ 27,000.0원
  - 그래피 SELL 3주 @ 25,950.0원
  - 라온테크 SELL 5주 @ 14,230.0원
  - 제주반도체 SELL 3주 @ 30,300.0원

[2026-01-02 12:47:10] 거래 내역 불일치: 5건 누락
  - 라온테크 BUY 5주 @ 14,600.0원
  - 그래피 BUY 3주 @ 27,000.0원
  - 그래피 SELL 3주 @ 25,950.0원
  - 라온테크 SELL 5주 @ 14,230.0원
  - 제주반도체 SELL 3주 @ 30,300.0원

[2026-01-02 12:52:14] 거래 내역 불일치: 5건 누락
  - 라온테크 BUY 5주 @ 14,600.0원
  - 그래피 BUY 3주 @ 27,000.0원
  - 그래피 SELL 3주 @ 25,950.0원
  - 라온테크 SELL 5주 @ 14,230.0원
  - 제주반도체 SELL 3주 @ 30,300.0원

[2026-01-02 12:57:16] 거래 내역 불일치: 5건 누락
  - 라온테크 BUY 5주 @ 14,600.0원
  - 그래피 BUY 3주 @ 27,000.0원
  - 그래피 SELL 3주 @ 25,950.0원
  - 라온테크 SELL 5주 @ 14,230.0원
  - 제주반도체 SELL 3주 @ 30,300.0원

[2026-01-02 13:02:19] 거래 내역 불일치: 5건 누락
  - 라온테크 BUY 5주 @ 14,600.0원
  - 그래피 BUY 3주 @ 27,000.0원
  - 그래피 SELL 3주 @ 25,950.0원
  - 라온테크 SELL 5주 @ 14,230.0원
  - 제주반도체 SELL 3주 @ 30,300.0원

[2026-01-02 13:07:18] 거래 내역 불일치: 5건 누락
  - 라온테크 BUY 5주 @ 14,600.0원
  - 그래피 BUY 3주 @ 27,000.0원
  - 그래피 SELL 3주 @ 25,950.0원
  - 라온테크 SELL 5주 @ 14,230.0원
  - 제주반도체 SELL 3주 @ 30,300.0원

[2026-01-02 13:12:32] 거래 내역 불일치: 5건 누락
  - 라온테크 BUY 5주 @ 14,600.0원
  - 그래피 BUY 3주 @ 27,000.0원
  - 그래피 SELL 3주 @ 25,950.0원
  - 라온테크 SELL 5주 @ 14,230.0원
  - 제주반도체 SELL 3주 @ 30,300.0원

[2026-01-02 13:17:28] 거래 내역 불일치: 5건 누락
  - 라온테크 BUY 5주 @ 14,600.0원
  - 그래피 BUY 3주 @ 27,000.0원
  - 그래피 SELL 3주 @ 25,950.0원
  - 라온테크 SELL 5주 @ 14,230.0원
  - 제주반도체 SELL 3주 @ 30,300.0원

[2026-01-02 13:22:29] 거래 내역 불일치: 5건 누락
  - 라온테크 BUY 5주 @ 14,600.0원
  - 그래피 BUY 3주 @ 27,000.0원
  - 그래피 SELL 3주 @ 25,950.0원
  - 라온테크 SELL 5주 @ 14,230.0원
  - 제주반도체 SELL 3주 @ 30,300.0원

[2026-01-02 13:27:32] 거래 내역 불일치: 5건 누락
  - 라온테크 BUY 5주 @ 14,600.0원
  - 그래피 BUY 3주 @ 27,000.0원
  - 그래피 SELL 3주 @ 25,950.0원
  - 라온테크 SELL 5주 @ 14,230.0원
  - 제주반도체 SELL 3주 @ 30,300.0원

[2026-01-02 13:32:35] 거래 내역 불일치: 5건 누락
  - 라온테크 BUY 5주 @ 14,600.0원
  - 그래피 BUY 3주 @ 27,000.0원
  - 그래피 SELL 3주 @ 25,950.0원
  - 라온테크 SELL 5주 @ 14,230.0원
  - 제주반도체 SELL 3주 @ 30,300.0원

[2026-01-02 13:37:36] 거래 내역 불일치: 5건 누락
  - 라온테크 BUY 5주 @ 14,600.0원
  - 그래피 BUY 3주 @ 27,000.0원
  - 그래피 SELL 3주 @ 25,950.0원
  - 라온테크 SELL 5주 @ 14,230.0원
  - 제주반도체 SELL 3주 @ 30,300.0원

[2026-01-02 13:42:50] 거래 내역 불일치: 5건 누락
  - 라온테크 BUY 5주 @ 14,600.0원
  - 그래피 BUY 3주 @ 27,000.0원
  - 그래피 SELL 3주 @ 25,950.0원
  - 라온테크 SELL 5주 @ 14,230.0원
  - 제주반도체 SELL 3주 @ 30,300.0원

[2026-01-02 13:47:43] 거래 내역 불일치: 5건 누락
  - 라온테크 BUY 5주 @ 14,600.0원
  - 그래피 BUY 3주 @ 27,000.0원
  - 그래피 SELL 3주 @ 25,950.0원
  - 라온테크 SELL 5주 @ 14,230.0원
  - 제주반도체 SELL 3주 @ 30,300.0원

[2026-01-02 13:52:45] 거래 내역 불일치: 5건 누락
  - 라온테크 BUY 5주 @ 14,600.0원
  - 그래피 BUY 3주 @ 27,000.0원
  - 그래피 SELL 3주 @ 25,950.0원
  - 라온테크 SELL 5주 @ 14,230.0원
  - 제주반도체 SELL 3주 @ 30,300.0원

[2026-01-02 13:57:50] 거래 내역 불일치: 5건 누락
  - 라온테크 BUY 5주 @ 14,600.0원
  - 그래피 BUY 3주 @ 27,000.0원
  - 그래피 SELL 3주 @ 25,950.0원
  - 라온테크 SELL 5주 @ 14,230.0원
  - 제주반도체 SELL 3주 @ 30,300.0원

[2026-01-02 14:02:53] 거래 내역 불일치: 6건 누락
  - 라온테크 BUY 5주 @ 14,600.0원
  - 그래피 BUY 3주 @ 27,000.0원
  - 그래피 SELL 3주 @ 25,950.0원
  - 라온테크 SELL 5주 @ 14,230.0원
  - 제주반도체 SELL 3주 @ 30,300.0원
  - 엘케이켐 SELL 2주 @ 36,350.0원

[2026-01-02 14:07:55] 거래 내역 불일치: 6건 누락
  - 라온테크 BUY 5주 @ 14,600.0원
  - 그래피 BUY 3주 @ 27,000.0원
  - 그래피 SELL 3주 @ 25,950.0원
  - 라온테크 SELL 5주 @ 14,230.0원
  - 제주반도체 SELL 3주 @ 30,300.0원
  - 엘케이켐 SELL 2주 @ 36,350.0원

[2026-01-02 14:13:12] 거래 내역 불일치: 6건 누락
  - 라온테크 BUY 5주 @ 14,600.0원
  - 그래피 BUY 3주 @ 27,000.0원
  - 그래피 SELL 3주 @ 25,950.0원
  - 라온테크 SELL 5주 @ 14,230.0원
  - 제주반도체 SELL 3주 @ 30,300.0원
  - 엘케이켐 SELL 2주 @ 36,350.0원

[2026-01-02 14:18:03] 거래 내역 불일치: 6건 누락
  - 라온테크 BUY 5주 @ 14,600.0원
  - 그래피 BUY 3주 @ 27,000.0원
  - 그래피 SELL 3주 @ 25,950.0원
  - 라온테크 SELL 5주 @ 14,230.0원
  - 제주반도체 SELL 3주 @ 30,300.0원
  - 엘케이켐 SELL 2주 @ 36,350.0원

[2026-01-02 14:23:04] 거래 내역 불일치: 6건 누락
  - 라온테크 BUY 5주 @ 14,600.0원
  - 그래피 BUY 3주 @ 27,000.0원
  - 그래피 SELL 3주 @ 25,950.0원
  - 라온테크 SELL 5주 @ 14,230.0원
  - 제주반도체 SELL 3주 @ 30,300.0원
  - 엘케이켐 SELL 2주 @ 36,350.0원

[2026-01-02 14:28:05] 거래 내역 불일치: 6건 누락
  - 라온테크 BUY 5주 @ 14,600.0원
  - 그래피 BUY 3주 @ 27,000.0원
  - 그래피 SELL 3주 @ 25,950.0원
  - 라온테크 SELL 5주 @ 14,230.0원
  - 제주반도체 SELL 3주 @ 30,300.0원
  - 엘케이켐 SELL 2주 @ 36,350.0원

[2026-01-02 14:33:11] 거래 내역 불일치: 6건 누락
  - 라온테크 BUY 5주 @ 14,600.0원
  - 그래피 BUY 3주 @ 27,000.0원
  - 그래피 SELL 3주 @ 25,950.0원
  - 라온테크 SELL 5주 @ 14,230.0원
  - 제주반도체 SELL 3주 @ 30,300.0원
  - 엘케이켐 SELL 2주 @ 36,350.0원

[2026-01-02 14:38:11] 거래 내역 불일치: 6건 누락
  - 라온테크 BUY 5주 @ 14,600.0원
  - 그래피 BUY 3주 @ 27,000.0원
  - 그래피 SELL 3주 @ 25,950.0원
  - 라온테크 SELL 5주 @ 14,230.0원
  - 제주반도체 SELL 3주 @ 30,300.0원
  - 엘케이켐 SELL 2주 @ 36,350.0원

[2026-01-02 14:43:27] 거래 내역 불일치: 6건 누락
  - 라온테크 BUY 5주 @ 14,600.0원
  - 그래피 BUY 3주 @ 27,000.0원
  - 그래피 SELL 3주 @ 25,950.0원
  - 라온테크 SELL 5주 @ 14,230.0원
  - 제주반도체 SELL 3주 @ 30,300.0원
  - 엘케이켐 SELL 2주 @ 36,350.0원

[2026-01-02 14:48:20] 거래 내역 불일치: 6건 누락
  - 라온테크 BUY 5주 @ 14,600.0원
  - 그래피 BUY 3주 @ 27,000.0원
  - 그래피 SELL 3주 @ 25,950.0원
  - 라온테크 SELL 5주 @ 14,230.0원
  - 제주반도체 SELL 3주 @ 30,300.0원
  - 엘케이켐 SELL 2주 @ 36,350.0원

[2026-01-02 14:53:23] 거래 내역 불일치: 6건 누락
  - 라온테크 BUY 5주 @ 14,600.0원
  - 그래피 BUY 3주 @ 27,000.0원
  - 그래피 SELL 3주 @ 25,950.0원
  - 라온테크 SELL 5주 @ 14,230.0원
  - 제주반도체 SELL 3주 @ 30,300.0원
  - 엘케이켐 SELL 2주 @ 36,350.0원

[2026-01-02 14:58:24] 거래 내역 불일치: 6건 누락
  - 라온테크 BUY 5주 @ 14,600.0원
  - 그래피 BUY 3주 @ 27,000.0원
  - 그래피 SELL 3주 @ 25,950.0원
  - 라온테크 SELL 5주 @ 14,230.0원
  - 제주반도체 SELL 3주 @ 30,300.0원
  - 엘케이켐 SELL 2주 @ 36,350.0원

[2026-01-02 15:03:30] 거래 내역 불일치: 6건 누락
  - 라온테크 BUY 5주 @ 14,600.0원
  - 그래피 BUY 3주 @ 27,000.0원
  - 그래피 SELL 3주 @ 25,950.0원
  - 라온테크 SELL 5주 @ 14,230.0원
  - 제주반도체 SELL 3주 @ 30,300.0원
  - 엘케이켐 SELL 2주 @ 36,350.0원

[2026-01-02 15:08:32] 거래 내역 불일치: 6건 누락
  - 라온테크 BUY 5주 @ 14,600.0원
  - 그래피 BUY 3주 @ 27,000.0원
  - 그래피 SELL 3주 @ 25,950.0원
  - 라온테크 SELL 5주 @ 14,230.0원
  - 제주반도체 SELL 3주 @ 30,300.0원
  - 엘케이켐 SELL 2주 @ 36,350.0원

[2026-01-02 15:13:43] 거래 내역 불일치: 6건 누락
  - 라온테크 BUY 5주 @ 14,600.0원
  - 그래피 BUY 3주 @ 27,000.0원
  - 그래피 SELL 3주 @ 25,950.0원
  - 라온테크 SELL 5주 @ 14,230.0원
  - 제주반도체 SELL 3주 @ 30,300.0원
  - 엘케이켐 SELL 2주 @ 36,350.0원

[2026-01-02 15:18:36] 거래 내역 불일치: 6건 누락
  - 라온테크 BUY 5주 @ 14,600.0원
  - 그래피 BUY 3주 @ 27,000.0원
  - 그래피 SELL 3주 @ 25,950.0원
  - 라온테크 SELL 5주 @ 14,230.0원
  - 제주반도체 SELL 3주 @ 30,300.0원
  - 엘케이켐 SELL 2주 @ 36,350.0원

[2026-01-02 15:23:38] 거래 내역 불일치: 6건 누락
  - 라온테크 BUY 5주 @ 14,600.0원
  - 그래피 BUY 3주 @ 27,000.0원
  - 그래피 SELL 3주 @ 25,950.0원
  - 라온테크 SELL 5주 @ 14,230.0원
  - 제주반도체 SELL 3주 @ 30,300.0원
  - 엘케이켐 SELL 2주 @ 36,350.0원

[2026-01-02 15:28:41] 거래 내역 불일치: 6건 누락
  - 라온테크 BUY 5주 @ 14,600.0원
  - 그래피 BUY 3주 @ 27,000.0원
  - 그래피 SELL 3주 @ 25,950.0원
  - 라온테크 SELL 5주 @ 14,230.0원
  - 제주반도체 SELL 3주 @ 30,300.0원
  - 엘케이켐 SELL 2주 @ 36,350.0원

[2026-01-06 12:17:38] 거래 내역 불일치: 1건 누락
  - 미래에셋증권 BUY 10주 @ 28,550.0원

[2026-01-06 14:48:32] 거래 내역 불일치: 1건 누락
  - 미래에셋증권 BUY 10주 @ 28,550.0원

[2026-01-06 15:03:34] 거래 내역 불일치: 1건 누락
  - 미래에셋증권 BUY 10주 @ 28,550.0원

[2026-01-07 11:37:48] 거래 내역 불일치: 1건 누락
  - 워트 SELL 8주 @ 7,230.0원

[2026-01-07 13:28:07] 거래 내역 불일치: 1건 누락
  - 워트 SELL 8주 @ 7,230.0원

[2026-01-07 14:28:41] 거래 내역 불일치: 1건 누락
  - 워트 SELL 8주 @ 7,230.0원

[2026-01-07 14:38:48] 거래 내역 불일치: 2건 누락
  - 워트 SELL 8주 @ 7,230.0원
  - 파이버프로 SELL 1주 @ 14,080.0원

[2026-01-07 14:58:58] 거래 내역 불일치: 2건 누락
  - 워트 SELL 8주 @ 7,230.0원
  - 파이버프로 SELL 1주 @ 14,080.0원

[2026-01-09 10:33:11] 거래 내역 불일치: 3건 누락
  - 라온테크 BUY 4주 @ 14,750.0원
  - 제주반도체 BUY 2주 @ 30,650.0원
  - 워트 BUY 14주 @ 7,091.0원

[2026-01-09 10:43:09] 거래 내역 불일치: 3건 누락
  - 라온테크 BUY 4주 @ 14,750.0원
  - 제주반도체 BUY 2주 @ 30,650.0원
  - 워트 BUY 14주 @ 7,091.0원

[2026-01-09 10:53:11] 거래 내역 불일치: 4건 누락
  - 라온테크 SELL 1주 @ 14,950.0원
  - 라온테크 SELL 1주 @ 14,950.0원
  - 라온테크 SELL 1주 @ 14,950.0원
  - 라온테크 SELL 1주 @ 14,950.0원

[2026-01-09 11:08:14] 거래 내역 불일치: 7건 누락
  - 라온테크 BUY 4주 @ 14,750.0원
  - 제주반도체 BUY 2주 @ 30,650.0원
  - 워트 BUY 14주 @ 7,091.0원
  - 라온테크 SELL 1주 @ 14,950.0원
  - 라온테크 SELL 1주 @ 14,950.0원
  - 라온테크 SELL 1주 @ 14,950.0원
  - 라온테크 SELL 1주 @ 14,950.0원

[2026-01-09 11:43:31] 거래 내역 불일치: 1건 누락
  - 제주반도체 SELL 2주 @ 31,050.0원

[2026-01-09 11:48:36] 거래 내역 불일치: 3건 누락
  - 엘케이켐 BUY 2주 @ 32,750.0원
  - 워트 SELL 4주 @ 7,142.0원
  - 워트 SELL 4주 @ 7,140.0원

[2026-01-09 11:53:36] 거래 내역 불일치: 2건 누락
  - 라온테크 BUY 6주 @ 14,800.0원
  - 워트 SELL 4주 @ 7,160.0원

[2026-01-09 11:58:39] 거래 내역 불일치: 1건 누락
  - 제이엔비 BUY 13주 @ 7,400.0원

[2026-01-09 13:09:13] 거래 내역 불일치: 1건 누락
  - 워트 SELL 2주 @ 7,100.0원

[2026-01-09 13:29:28] 거래 내역 불일치: 1건 누락
  - 삼보모터스 BUY 14주 @ 6,930.0원

[2026-01-09 13:49:35] 거래 내역 불일치: 1건 누락
  - 삼보모터스 SELL 14주 @ 6,810.0원

[2026-01-09 13:54:37] 거래 내역 불일치: 1건 누락
  - 제이엔비 SELL 13주 @ 7,250.0원

[2026-01-09 14:04:42] 거래 내역 불일치: 1건 누락
  - 엘케이켐 SELL 2주 @ 32,050.0원

[2026-01-13 09:11:40] 거래 내역 불일치: 3건 누락
  - 인팩 SELL 2주 @ 11,760.0원
  - 인팩 SELL 2주 @ 11,830.0원
  - 인팩 SELL 2주 @ 11,830.0원

[2026-01-13 09:52:46] 거래 내역 불일치: 3건 누락
  - 인팩 SELL 2주 @ 11,760.0원
  - 인팩 SELL 2주 @ 11,830.0원
  - 인팩 SELL 2주 @ 11,830.0원

